CRITICAL - 2024-11-30 19:32:18 --> ErrorException: Undefined variable $row
[Method: GET, Route: compra]
in APPPATH\Views\compras\compra.php on line 12.
 1 APPPATH\Views\compras\compra.php(12): CodeIgniter\Debug\Exceptions->errorHandler(2, 'Undefined variable $row', 'C:\\xampp\\Trees\\app\\Views\\compras\\compra.php', 12)
 2 SYSTEMPATH\View\View.php(234): include('C:\\xampp\\Trees\\app\\Views\\compras\\compra.php')
 3 SYSTEMPATH\View\View.php(237): CodeIgniter\View\View->CodeIgniter\View\{closure}()
 4 SYSTEMPATH\Common.php(1171): CodeIgniter\View\View->render('compras/compra', [], true)
 5 APPPATH\Controllers\Compra.php(25): view('compras/compra', [...])
 6 SYSTEMPATH\CodeIgniter.php(933): App\Controllers\Compra->compra()
 7 SYSTEMPATH\CodeIgniter.php(509): CodeIgniter\CodeIgniter->runController(Object(App\Controllers\Compra))
 8 SYSTEMPATH\CodeIgniter.php(355): CodeIgniter\CodeIgniter->handleRequest(null, Object(Config\Cache), false)
 9 SYSTEMPATH\Boot.php(325): CodeIgniter\CodeIgniter->run()
10 SYSTEMPATH\Boot.php(67): CodeIgniter\Boot::runCodeIgniter(Object(CodeIgniter\CodeIgniter))
11 FCPATH\index.php(56): CodeIgniter\Boot::bootWeb(Object(Config\Paths))
CRITICAL - 2024-11-30 19:35:32 --> ErrorException: Undefined variable $row
[Method: GET, Route: compra]
in APPPATH\Views\compras\compra.php on line 22.
 1 APPPATH\Views\compras\compra.php(22): CodeIgniter\Debug\Exceptions->errorHandler(2, 'Undefined variable $row', 'C:\\xampp\\Trees\\app\\Views\\compras\\compra.php', 22)
 2 SYSTEMPATH\View\View.php(234): include('C:\\xampp\\Trees\\app\\Views\\compras\\compra.php')
 3 SYSTEMPATH\View\View.php(237): CodeIgniter\View\View->CodeIgniter\View\{closure}()
 4 SYSTEMPATH\Common.php(1171): CodeIgniter\View\View->render('compras/compra', [], true)
 5 APPPATH\Controllers\Compra.php(25): view('compras/compra', [...])
 6 SYSTEMPATH\CodeIgniter.php(933): App\Controllers\Compra->compra()
 7 SYSTEMPATH\CodeIgniter.php(509): CodeIgniter\CodeIgniter->runController(Object(App\Controllers\Compra))
 8 SYSTEMPATH\CodeIgniter.php(355): CodeIgniter\CodeIgniter->handleRequest(null, Object(Config\Cache), false)
 9 SYSTEMPATH\Boot.php(325): CodeIgniter\CodeIgniter->run()
10 SYSTEMPATH\Boot.php(67): CodeIgniter\Boot::runCodeIgniter(Object(CodeIgniter\CodeIgniter))
11 FCPATH\index.php(56): CodeIgniter\Boot::bootWeb(Object(Config\Paths))
CRITICAL - 2024-11-30 19:38:41 --> ErrorException: Undefined variable $row
[Method: GET, Route: compra]
in APPPATH\Views\compras\compra.php on line 9.
 1 APPPATH\Views\compras\compra.php(9): CodeIgniter\Debug\Exceptions->errorHandler(2, 'Undefined variable $row', 'C:\\xampp\\Trees\\app\\Views\\compras\\compra.php', 9)
 2 SYSTEMPATH\View\View.php(234): include('C:\\xampp\\Trees\\app\\Views\\compras\\compra.php')
 3 SYSTEMPATH\View\View.php(237): CodeIgniter\View\View->CodeIgniter\View\{closure}()
 4 SYSTEMPATH\Common.php(1171): CodeIgniter\View\View->render('compras/compra', [], true)
 5 APPPATH\Controllers\Compra.php(25): view('compras/compra', [...])
 6 SYSTEMPATH\CodeIgniter.php(933): App\Controllers\Compra->compra()
 7 SYSTEMPATH\CodeIgniter.php(509): CodeIgniter\CodeIgniter->runController(Object(App\Controllers\Compra))
 8 SYSTEMPATH\CodeIgniter.php(355): CodeIgniter\CodeIgniter->handleRequest(null, Object(Config\Cache), false)
 9 SYSTEMPATH\Boot.php(325): CodeIgniter\CodeIgniter->run()
10 SYSTEMPATH\Boot.php(67): CodeIgniter\Boot::runCodeIgniter(Object(CodeIgniter\CodeIgniter))
11 FCPATH\index.php(56): CodeIgniter\Boot::bootWeb(Object(Config\Paths))
CRITICAL - 2024-11-30 21:19:59 --> Error: Call to a member function find() on null
[Method: GET, Route: compra]
in APPPATH\Controllers\Compra.php on line 23.
 1 SYSTEMPATH\CodeIgniter.php(933): App\Controllers\Compra->compra()
 2 SYSTEMPATH\CodeIgniter.php(509): CodeIgniter\CodeIgniter->runController(Object(App\Controllers\Compra))
 3 SYSTEMPATH\CodeIgniter.php(355): CodeIgniter\CodeIgniter->handleRequest(null, Object(Config\Cache), false)
 4 SYSTEMPATH\Boot.php(325): CodeIgniter\CodeIgniter->run()
 5 SYSTEMPATH\Boot.php(67): CodeIgniter\Boot::runCodeIgniter(Object(CodeIgniter\CodeIgniter))
 6 FCPATH\index.php(56): CodeIgniter\Boot::bootWeb(Object(Config\Paths))
CRITICAL - 2024-11-30 21:23:07 --> Error: Call to a member function find() on null
[Method: GET, Route: compra]
in APPPATH\Controllers\Compra.php on line 23.
 1 SYSTEMPATH\CodeIgniter.php(933): App\Controllers\Compra->compra()
 2 SYSTEMPATH\CodeIgniter.php(509): CodeIgniter\CodeIgniter->runController(Object(App\Controllers\Compra))
 3 SYSTEMPATH\CodeIgniter.php(355): CodeIgniter\CodeIgniter->handleRequest(null, Object(Config\Cache), false)
 4 SYSTEMPATH\Boot.php(325): CodeIgniter\CodeIgniter->run()
 5 SYSTEMPATH\Boot.php(67): CodeIgniter\Boot::runCodeIgniter(Object(CodeIgniter\CodeIgniter))
 6 FCPATH\index.php(56): CodeIgniter\Boot::bootWeb(Object(Config\Paths))
