CRITICAL - 2024-12-07 19:52:18 --> TypeError: htmlspecialchars(): Argument #1 ($string) must be of type string, array given
[Method: GET, Route: signup]
in APPPATH\Views\users\signup.php on line 37.
 1 APPPATH\Views\users\signup.php(37): htmlspecialchars([...])
 2 SYSTEMPATH\View\View.php(234): include('C:\\xampp\\Trees\\app\\Views\\users\\signup.php')
 3 SYSTEMPATH\View\View.php(237): CodeIgniter\View\View->CodeIgniter\View\{closure}()
 4 SYSTEMPATH\Common.php(1171): CodeIgniter\View\View->render('users/signup', [], true)
 5 APPPATH\Controllers\User.php(30): view('users/signup', [...])
 6 SYSTEMPATH\CodeIgniter.php(933): App\Controllers\User->signup()
 7 SYSTEMPATH\CodeIgniter.php(509): CodeIgniter\CodeIgniter->runController(Object(App\Controllers\User))
 8 SYSTEMPATH\CodeIgniter.php(355): CodeIgniter\CodeIgniter->handleRequest(null, Object(Config\Cache), false)
 9 SYSTEMPATH\Boot.php(325): CodeIgniter\CodeIgniter->run()
10 SYSTEMPATH\Boot.php(67): CodeIgniter\Boot::runCodeIgniter(Object(CodeIgniter\CodeIgniter))
11 FCPATH\index.php(56): CodeIgniter\Boot::bootWeb(Object(Config\Paths))
CRITICAL - 2024-12-07 19:52:30 --> TypeError: htmlspecialchars(): Argument #1 ($string) must be of type string, array given
[Method: GET, Route: signup]
in APPPATH\Views\users\signup.php on line 37.
 1 APPPATH\Views\users\signup.php(37): htmlspecialchars([...])
 2 SYSTEMPATH\View\View.php(234): include('C:\\xampp\\Trees\\app\\Views\\users\\signup.php')
 3 SYSTEMPATH\View\View.php(237): CodeIgniter\View\View->CodeIgniter\View\{closure}()
 4 SYSTEMPATH\Common.php(1171): CodeIgniter\View\View->render('users/signup', [], true)
 5 APPPATH\Controllers\User.php(30): view('users/signup', [...])
 6 SYSTEMPATH\CodeIgniter.php(933): App\Controllers\User->signup()
 7 SYSTEMPATH\CodeIgniter.php(509): CodeIgniter\CodeIgniter->runController(Object(App\Controllers\User))
 8 SYSTEMPATH\CodeIgniter.php(355): CodeIgniter\CodeIgniter->handleRequest(null, Object(Config\Cache), false)
 9 SYSTEMPATH\Boot.php(325): CodeIgniter\CodeIgniter->run()
10 SYSTEMPATH\Boot.php(67): CodeIgniter\Boot::runCodeIgniter(Object(CodeIgniter\CodeIgniter))
11 FCPATH\index.php(56): CodeIgniter\Boot::bootWeb(Object(Config\Paths))
CRITICAL - 2024-12-07 19:53:32 --> TypeError: htmlspecialchars(): Argument #1 ($string) must be of type string, array given
[Method: GET, Route: signup]
in APPPATH\Views\users\signup.php on line 37.
 1 APPPATH\Views\users\signup.php(37): htmlspecialchars([...])
 2 SYSTEMPATH\View\View.php(234): include('C:\\xampp\\Trees\\app\\Views\\users\\signup.php')
 3 SYSTEMPATH\View\View.php(237): CodeIgniter\View\View->CodeIgniter\View\{closure}()
 4 SYSTEMPATH\Common.php(1171): CodeIgniter\View\View->render('users/signup', [], true)
 5 APPPATH\Controllers\User.php(30): view('users/signup', [...])
 6 SYSTEMPATH\CodeIgniter.php(933): App\Controllers\User->signup()
 7 SYSTEMPATH\CodeIgniter.php(509): CodeIgniter\CodeIgniter->runController(Object(App\Controllers\User))
 8 SYSTEMPATH\CodeIgniter.php(355): CodeIgniter\CodeIgniter->handleRequest(null, Object(Config\Cache), false)
 9 SYSTEMPATH\Boot.php(325): CodeIgniter\CodeIgniter->run()
10 SYSTEMPATH\Boot.php(67): CodeIgniter\Boot::runCodeIgniter(Object(CodeIgniter\CodeIgniter))
11 FCPATH\index.php(56): CodeIgniter\Boot::bootWeb(Object(Config\Paths))
